
  You can now view your Streamlit app in your browser.

  Local URL: http://localhost:8501
  Network URL: http://10.44.0.230:8501

  For better performance, install the Watchdog module:

  $ xcode-select --install
  $ pip install watchdog
            
  Stopping...

  You can now view your Streamlit app in your browser.

  Local URL: http://localhost:8501
  Network URL: http://10.44.0.230:8501

  For better performance, install the Watchdog module:

  $ xcode-select --install
  $ pip install watchdog
            
  Stopping...

  You can now view your Streamlit app in your browser.

  Local URL: http://localhost:8501
  Network URL: http://10.44.0.230:8501

  For better performance, install the Watchdog module:

  $ xcode-select --install
  $ pip install watchdog
            
  Stopping...
